<?xml version="1.0" encoding="UTF-8"?>
<testsuite name="dev.deyoung.servicetests.LoginServiceTest" tests="13" skipped="0" failures="0" errors="0" timestamp="2021-03-14T05:21:16" hostname="DESKTOP-9J5MREF" time="2.94">
  <properties/>
  <testcase name="create_login_in_service()" classname="dev.deyoung.servicetests.LoginServiceTest" time="0.307"/>
  <testcase name="get_all_logins_in_service()" classname="dev.deyoung.servicetests.LoginServiceTest" time="0.577"/>
  <testcase name="get_login_user_by_id()" classname="dev.deyoung.servicetests.LoginServiceTest" time="0.144"/>
  <testcase name="get_login_by_username()" classname="dev.deyoung.servicetests.LoginServiceTest" time="0.135"/>
  <testcase name="get_login_by_user_role()" classname="dev.deyoung.servicetests.LoginServiceTest" time="0.141"/>
  <testcase name="get_login_by_employee_id()" classname="dev.deyoung.servicetests.LoginServiceTest" time="0.124"/>
  <testcase name="get_login_by_manager_id()" classname="dev.deyoung.servicetests.LoginServiceTest" time="0.102"/>
  <testcase name="get_login_by_director_id()" classname="dev.deyoung.servicetests.LoginServiceTest" time="0.148"/>
  <testcase name="update_password()" classname="dev.deyoung.servicetests.LoginServiceTest" time="0.136"/>
  <testcase name="update_user_role()" classname="dev.deyoung.servicetests.LoginServiceTest" time="0.118"/>
  <testcase name="update_first_name()" classname="dev.deyoung.servicetests.LoginServiceTest" time="0.132"/>
  <testcase name="update_last_name()" classname="dev.deyoung.servicetests.LoginServiceTest" time="0.1"/>
  <testcase name="delete_login()" classname="dev.deyoung.servicetests.LoginServiceTest" time="0.752"/>
  <system-out><![CDATA[Hibernate: insert into login (director_id, employee_id, first_name, last_name, manager_id, user_password, user_role, username) values (?, ?, ?, ?, ?, ?, ?, ?)
Login{userId=6, username='gretchenwieners', password='toasterstrudel', userRole='Employee', firstName='Gretchen', lastName='Wieners', employeeId='3', managerId='4', directorId='2'}
gretchenwieners
Hibernate: select login0_.user_id as user_id1_3_, login0_.director_id as director2_3_, login0_.employee_id as employee3_3_, login0_.first_name as first_na4_3_, login0_.last_name as last_nam5_3_, login0_.manager_id as manager_6_3_, login0_.user_password as user_pas7_3_, login0_.user_role as user_rol8_3_, login0_.username as username9_3_ from login login0_
Hibernate: select login0_.user_id as user_id1_3_0_, login0_.director_id as director2_3_0_, login0_.employee_id as employee3_3_0_, login0_.first_name as first_na4_3_0_, login0_.last_name as last_nam5_3_0_, login0_.manager_id as manager_6_3_0_, login0_.user_password as user_pas7_3_0_, login0_.user_role as user_rol8_3_0_, login0_.username as username9_3_0_ from login login0_ where login0_.user_id=?
Hibernate: select login0_.user_id as user_id1_3_, login0_.director_id as director2_3_, login0_.employee_id as employee3_3_, login0_.first_name as first_na4_3_, login0_.last_name as last_nam5_3_, login0_.manager_id as manager_6_3_, login0_.user_password as user_pas7_3_, login0_.user_role as user_rol8_3_, login0_.username as username9_3_ from login login0_
[Login{userId=6, username='gretchenwieners', password='toasterstrudel', userRole='Employee', firstName='Gretchen', lastName='Wieners', employeeId='3', managerId='4', directorId='2'}]
Login{userId=6, username='gretchenwieners', password='toasterstrudel', userRole='Employee', firstName='Gretchen', lastName='Wieners', employeeId='3', managerId='4', directorId='2'}
Hibernate: select login0_.user_id as user_id1_3_, login0_.director_id as director2_3_, login0_.employee_id as employee3_3_, login0_.first_name as first_na4_3_, login0_.last_name as last_nam5_3_, login0_.manager_id as manager_6_3_, login0_.user_password as user_pas7_3_, login0_.user_role as user_rol8_3_, login0_.username as username9_3_ from login login0_
Login{userId=6, username='gretchenwieners', password='toasterstrudel', userRole='Employee', firstName='Gretchen', lastName='Wieners', employeeId='3', managerId='4', directorId='2'}
[Login{userId=6, username='gretchenwieners', password='toasterstrudel', userRole='Employee', firstName='Gretchen', lastName='Wieners', employeeId='3', managerId='4', directorId='2'}]
Hibernate: select login0_.user_id as user_id1_3_, login0_.director_id as director2_3_, login0_.employee_id as employee3_3_, login0_.first_name as first_na4_3_, login0_.last_name as last_nam5_3_, login0_.manager_id as manager_6_3_, login0_.user_password as user_pas7_3_, login0_.user_role as user_rol8_3_, login0_.username as username9_3_ from login login0_
Login{userId=6, username='gretchenwieners', password='toasterstrudel', userRole='Employee', firstName='Gretchen', lastName='Wieners', employeeId='3', managerId='4', directorId='2'}
[Login{userId=6, username='gretchenwieners', password='toasterstrudel', userRole='Employee', firstName='Gretchen', lastName='Wieners', employeeId='3', managerId='4', directorId='2'}]
Hibernate: select login0_.user_id as user_id1_3_, login0_.director_id as director2_3_, login0_.employee_id as employee3_3_, login0_.first_name as first_na4_3_, login0_.last_name as last_nam5_3_, login0_.manager_id as manager_6_3_, login0_.user_password as user_pas7_3_, login0_.user_role as user_rol8_3_, login0_.username as username9_3_ from login login0_
Login{userId=6, username='gretchenwieners', password='toasterstrudel', userRole='Employee', firstName='Gretchen', lastName='Wieners', employeeId='3', managerId='4', directorId='2'}
[Login{userId=6, username='gretchenwieners', password='toasterstrudel', userRole='Employee', firstName='Gretchen', lastName='Wieners', employeeId='3', managerId='4', directorId='2'}]
Hibernate: select login0_.user_id as user_id1_3_, login0_.director_id as director2_3_, login0_.employee_id as employee3_3_, login0_.first_name as first_na4_3_, login0_.last_name as last_nam5_3_, login0_.manager_id as manager_6_3_, login0_.user_password as user_pas7_3_, login0_.user_role as user_rol8_3_, login0_.username as username9_3_ from login login0_
Login{userId=6, username='gretchenwieners', password='toasterstrudel', userRole='Employee', firstName='Gretchen', lastName='Wieners', employeeId='3', managerId='4', directorId='2'}
[Login{userId=6, username='gretchenwieners', password='toasterstrudel', userRole='Employee', firstName='Gretchen', lastName='Wieners', employeeId='3', managerId='4', directorId='2'}]
Hibernate: update login set director_id=?, employee_id=?, first_name=?, last_name=?, manager_id=?, user_password=?, user_role=?, username=? where user_id=?
thatIsSoFetch!
Login{userId=6, username='gretchenwieners', password='thatIsSoFetch!', userRole='Employee', firstName='Gretchen', lastName='Wieners', employeeId='3', managerId='4', directorId='2'}
Hibernate: update login set director_id=?, employee_id=?, first_name=?, last_name=?, manager_id=?, user_password=?, user_role=?, username=? where user_id=?
Manager
Login{userId=6, username='gretchenwieners', password='thatIsSoFetch!', userRole='Manager', firstName='Gretchen', lastName='Wieners', employeeId='3', managerId='4', directorId='2'}
Hibernate: update login set director_id=?, employee_id=?, first_name=?, last_name=?, manager_id=?, user_password=?, user_role=?, username=? where user_id=?
Karen
Login{userId=6, username='gretchenwieners', password='thatIsSoFetch!', userRole='Manager', firstName='Karen', lastName='Wieners', employeeId='3', managerId='4', directorId='2'}
Hibernate: update login set director_id=?, employee_id=?, first_name=?, last_name=?, manager_id=?, user_password=?, user_role=?, username=? where user_id=?
Smith
Login{userId=6, username='gretchenwieners', password='thatIsSoFetch!', userRole='Manager', firstName='Karen', lastName='Smith', employeeId='3', managerId='4', directorId='2'}
Hibernate: select login0_.user_id as user_id1_3_0_, login0_.director_id as director2_3_0_, login0_.employee_id as employee3_3_0_, login0_.first_name as first_na4_3_0_, login0_.last_name as last_nam5_3_0_, login0_.manager_id as manager_6_3_0_, login0_.user_password as user_pas7_3_0_, login0_.user_role as user_rol8_3_0_, login0_.username as username9_3_0_ from login login0_ where login0_.user_id=?
Hibernate: delete from login where user_id=?
6
]]></system-out>
  <system-err><![CDATA[]]></system-err>
</testsuite>
